<?xml version="1.0" encoding="UTF-8"?>
<!-- Generated by org.testng.reporters.JUnitReportReporter -->
<testsuite hostname="DESKTOP-OH5VSFP" name="com.sauce.checkout.CheckoutPageTests" tests="1" failures="0" timestamp="31 Jul 2020 13:06:10 GMT" time="2.600" errors="0">
  <testcase name="validCheckout" time="2.600" classname="com.sauce.checkout.CheckoutPageTests"/>
</testsuite> <!-- com.sauce.checkout.CheckoutPageTests -->
