<?xml version="1.0" encoding="UTF-8"?>
<!-- Generated by org.testng.reporters.JUnitReportReporter -->
<testsuite hostname="DESKTOP-OH5VSFP" name="com.sauce.inventory.InventoryPageTests" tests="3" failures="0" timestamp="31 Jul 2020 13:06:10 GMT" time="2.605" errors="0">
  <testcase name="addToCart" time="1.196" classname="com.sauce.inventory.InventoryPageTests"/>
  <testcase name="checkAddToCartButton" time="0.385" classname="com.sauce.inventory.InventoryPageTests"/>
  <testcase name="checkCartButton" time="1.024" classname="com.sauce.inventory.InventoryPageTests"/>
</testsuite> <!-- com.sauce.inventory.InventoryPageTests -->
