<?xml version="1.0" encoding="UTF-8"?>
<!-- Generated by org.testng.reporters.JUnitReportReporter -->
<testsuite hostname="DESKTOP-OH5VSFP" name="com.sauce.logIn.LogInTests" tests="1" failures="0" timestamp="31 Jul 2020 13:06:10 GMT" time="3.888" errors="0">
  <testcase name="validCredentials" time="3.888" classname="com.sauce.logIn.LogInTests"/>
</testsuite> <!-- com.sauce.logIn.LogInTests -->
