<?xml version="1.0" encoding="UTF-8"?>
<!-- Generated by org.testng.reporters.JUnitReportReporter -->
<testsuite hostname="DESKTOP-OH5VSFP" name="com.sauce.cartPage.CartPageTests" tests="2" failures="0" timestamp="31 Jul 2020 13:06:10 GMT" time="1.570" errors="0">
  <testcase name="checkItems" time="0.636" classname="com.sauce.cartPage.CartPageTests"/>
  <testcase name="checkCheckout" time="0.934" classname="com.sauce.cartPage.CartPageTests"/>
</testsuite> <!-- com.sauce.cartPage.CartPageTests -->
